Looking to launch executable "/media/houcem/theDrum/modules/miniconda3/envs/nextflow=23.04/bin/bwa-mem2.avx2", simd = .avx2
Launching executable "/media/houcem/theDrum/modules/miniconda3/envs/nextflow=23.04/bin/bwa-mem2.avx2"
[bwa_index] Pack FASTA... 0.00 sec
* Entering FMI_search
init ticks = 61536184
ref seq len = 1700634
binary seq ticks = 31830786
build suffix-array ticks = 304318506
ref_seq_len = 1700634
count = 0, 551676, 850317, 1148958, 1700634
BWT[1148050] = 4
CP_SHIFT = 6, CP_MASK = 63
sizeof CP_OCC = 64
pos: 212580, ref_seq_len__: 212579
max_occ_ind = 26572
build fm-index ticks = 72674444
Total time taken: 0.3029
Using GATK jar /media/houcem/theDrum/modules/miniconda3/envs/nextflow=23.04/share/gatk4-4.4.0.0-0/gatk-package-4.4.0.0-local.jar
Running:
    java -Dsamjdk.use_async_io_read_samtools=false -Dsamjdk.use_async_io_write_samtools=true -Dsamjdk.use_async_io_write_tribble=false -Dsamjdk.compression_level=2 -jar /media/houcem/theDrum/modules/miniconda3/envs/nextflow=23.04/share/gatk4-4.4.0.0-0/gatk-package-4.4.0.0-local.jar CreateSequenceDictionary REFERENCE=dpyd.fa OUTPUT=dpyd.fa.dict
INFO	2024-01-02 23:33:37	CreateSequenceDictionary	

********** NOTE: Picard's command line syntax is changing.
**********
********** For more information, please see:
********** 
https://github.com/broadinstitute/picard/wiki/Command-Line-Syntax-Transition-For-Users-(Pre-Transition)
**********
********** The command line looks like this in the new syntax:
**********
**********    CreateSequenceDictionary -REFERENCE dpyd.fa -OUTPUT dpyd.fa.dict
**********


23:33:37.398 INFO  NativeLibraryLoader - Loading libgkl_compression.so from jar:file:/media/houcem/theDrum/modules/miniconda3/envs/nextflow%3d23.04/share/gatk4-4.4.0.0-0/gatk-package-4.4.0.0-local.jar!/com/intel/gkl/native/libgkl_compression.so
[Tue Jan 02 23:33:37 CET 2024] CreateSequenceDictionary OUTPUT=dpyd.fa.dict REFERENCE=dpyd.fa    TRUNCATE_NAMES_AT_WHITESPACE=true NUM_SEQUENCES=2147483647 VERBOSITY=INFO QUIET=false VALIDATION_STRINGENCY=STRICT COMPRESSION_LEVEL=2 MAX_RECORDS_IN_RAM=500000 CREATE_INDEX=false CREATE_MD5_FILE=false USE_JDK_DEFLATER=false USE_JDK_INFLATER=false
[Tue Jan 02 23:33:37 CET 2024] Executing as houcem@iklwa on Linux 5.4.0-150-generic amd64; OpenJDK 64-Bit Server VM 17.0.9-internal+0-adhoc..src; Deflater: Intel; Inflater: Intel; Provider GCS is available; Picard version: 4.4.0.0
[Tue Jan 02 23:33:37 CET 2024] picard.sam.CreateSequenceDictionary done. Elapsed time: 0.00 minutes.
Runtime.totalMemory()=88080384
Tool returned:
0
