Looking to launch executable "/media/houcem/theDrum/modules/miniconda3/envs/nextflow=23.04/bin/bwa-mem2.avx2", simd = .avx2
Launching executable "/media/houcem/theDrum/modules/miniconda3/envs/nextflow=23.04/bin/bwa-mem2.avx2"
-----------------------------
Executing in AVX2 mode!!
-----------------------------
* SA compression enabled with xfactor: 8
* Ref file: /media/houcem/theDrum/BILIM/github/FHG_clinical_bioinformatics/assembly_ngs/ref_genome/dpyd.fa
* Entering FMI_search
* Index file found. Loading index from /media/houcem/theDrum/BILIM/github/FHG_clinical_bioinformatics/assembly_ngs/ref_genome/dpyd.fa.bwt.2bit.64
* Reference seq len for bi-index = 1700635
* sentinel-index: 1148050
* Count:
0,	1
1,	551677
2,	850318
3,	1148959
4,	1700635

* Reading other elements of the index from files /media/houcem/theDrum/BILIM/github/FHG_clinical_bioinformatics/assembly_ngs/ref_genome/dpyd.fa
* Index prefix: /media/houcem/theDrum/BILIM/github/FHG_clinical_bioinformatics/assembly_ngs/ref_genome/dpyd.fa
* Read 0 ALT contigs
* Done reading Index!!
* Reading reference genome..
* Binary seq file = /media/houcem/theDrum/BILIM/github/FHG_clinical_bioinformatics/assembly_ngs/ref_genome/dpyd.fa.0123
* Reference genome size: 1700634 bp
* Done reading reference genome !!

------------------------------------------
1. Memory pre-allocation for Chaining: 139.3584 MB
2. Memory pre-allocation for BSW: 239.6170 MB
3. Memory pre-allocation for BWT: 77.3142 MB
------------------------------------------
* Threads used (compute): 1
* No. of pipeline threads: 2

[0000] read_chunk: 10000000, work_chunk_size: 10000060, nseq: 142858
	[0000][ M::kt_pipeline] read 142858 sequences (10000060 bp)...
[0000] Reallocating initial memory allocations!!
[0000] Calling mem_process_seqs.., task: 0
[0000] 1. Calling kt_for - worker_bwt
[0000] read_chunk: 10000000, work_chunk_size: 3999940, nseq: 57142
	[0000][ M::kt_pipeline] read 57142 sequences (3999940 bp)...
[0000] 2. Calling kt_for - worker_aln
[0000] Inferring insert size distribution of PE reads from data, l_pac: 850317, n: 142858
[0000][PE] # candidate unique pairs for (FF, FR, RF, RR): (0, 68826, 0, 0)
[0000][PE] skip orientation FF as there are not enough pairs
[0000][PE] analyzing insert size distribution for orientation FR...
[0000][PE] (25, 50, 75) percentile: (465, 499, 533)
[0000][PE] low and high boundaries for computing mean and std.dev: (329, 669)
[0000][PE] mean and std.dev: (498.84, 49.73)
[0000][PE] low and high boundaries for proper pairs: (261, 737)
[0000][PE] skip orientation RF as there are not enough pairs
[0000][PE] skip orientation RR as there are not enough pairs
[0000] 3. Calling kt_for - worker_sam
	[0000][ M::mem_process_seqs] Processed 142858 reads in 3.097 CPU sec, 3.036 real sec
[0000] Calling mem_process_seqs.., task: 1
[0000] 1. Calling kt_for - worker_bwt
[0000] read_chunk: 10000000, work_chunk_size: 0, nseq: 0
[0000] 2. Calling kt_for - worker_aln
[0000] Inferring insert size distribution of PE reads from data, l_pac: 850317, n: 57142
[0000][PE] # candidate unique pairs for (FF, FR, RF, RR): (0, 27511, 0, 0)
[0000][PE] skip orientation FF as there are not enough pairs
[0000][PE] analyzing insert size distribution for orientation FR...
[0000][PE] (25, 50, 75) percentile: (465, 499, 533)
[0000][PE] low and high boundaries for computing mean and std.dev: (329, 669)
[0000][PE] mean and std.dev: (499.10, 50.37)
[0000][PE] low and high boundaries for proper pairs: (261, 737)
[0000][PE] skip orientation RF as there are not enough pairs
[0000][PE] skip orientation RR as there are not enough pairs
[0000] 3. Calling kt_for - worker_sam
	[0000][ M::mem_process_seqs] Processed 57142 reads in 1.293 CPU sec, 1.233 real sec
[0000] read_chunk: 10000000, work_chunk_size: 0, nseq: 0
[0000] Computation ends..
No. of OMP threads: 1
Processor is running @2496.345400 MHz
Runtime profile:

	Time taken for main_mem function: 5.72 sec

	IO times (sec) :
	Reading IO time (reads) avg: 0.21, (0.21, 0.21)
	Writing IO time (SAM) avg: 1.25, (1.25, 1.25)
	Reading IO time (Reference Genome) avg: 0.03, (0.03, 0.03)
	Index read time avg: 0.23, (0.23, 0.23)

	Overall time (sec) (Excluding Index reading time):
	PROCESS() (Total compute time + (read + SAM) IO time) : 5.46
	MEM_PROCESS_SEQ() (Total compute time (Kernel + SAM)), avg: 4.27, (4.27, 4.27)

	 SAM Processing time (sec):
	--WORKER_SAM avg: 1.42, (1.42, 1.42)

	Kernels' compute time (sec):
	Total kernel (smem+sal+bsw) time avg: 2.84, (2.84, 2.84)
		SMEM compute avg: 1.88, (1.88, 1.88)
		SAL compute avg: 0.33, (0.33, 0.33)
				MEM_SA avg: 0.18, (0.18, 0.18)

		BSW time, avg: 0.57, (0.57, 0.57)

Important parameter settings: 
	BATCH_SIZE: 512
	MAX_SEQ_LEN_REF: 256
	MAX_SEQ_LEN_QER: 128
	MAX_SEQ_LEN8: 128
	SEEDS_PER_READ: 500
	SIMD_WIDTH8 X: 32
	SIMD_WIDTH16 X: 16
	AVG_SEEDS_PER_READ: 64
